[mono.iamabdus.com/index.html]
[backblue.gif]
[fade.gif]
[index.html]
[mono.iamabdus.com/assets/plugins/material/css/materialdesignicons.min.css]
[mono.iamabdus.com/assets/plugins/simplebar/simplebar.css]
[mono.iamabdus.com/assets/plugins/nprogress/nprogress.css]
[mono.iamabdus.com/assets/plugins/jvectormap/jquery-jvectormap-2.0.3.css]
[mono.iamabdus.com/assets/plugins/daterangepicker/daterangepicker.css]
[mono.iamabdus.com/assets/plugins/toaster/toastr.min.css]
[cdn.quilljs.com/1.3.6/quill.snow.css]
[mono.iamabdus.com/assets/options/optionswitch.css]
[mono.iamabdus.com/assets/img/favicon.png]
[mono.iamabdus.com/assets/plugins/nprogress/nprogress.js]
[mono.iamabdus.com/index-2.html]
[mono.iamabdus.com/assets/img/logo.png]
[mono.iamabdus.com/chat.html]
[mono.iamabdus.com/analytics.html]
[mono.iamabdus.com/contacts.html]
[mono.iamabdus.com/team.html]
[mono.iamabdus.com/assets/css/mono.css]
[mono.iamabdus.com/email-inbox.html]
[mono.iamabdus.com/calendar.html]
[mono.iamabdus.com/email-details.html]
[mono.iamabdus.com/email-compose.html]
[mono.iamabdus.com/alert.html]
[mono.iamabdus.com/badge.html]
[mono.iamabdus.com/breadcrumb.html]
[mono.iamabdus.com/button-default.html]
[mono.iamabdus.com/assets/plugins/DataTables/DataTables-1.10.18/css/jquery.dataTables.min.css]
[mono.iamabdus.com/button-dropdown.html]
[mono.iamabdus.com/button-group.html]
[mono.iamabdus.com/button-social.html]
[mono.iamabdus.com/button-loading.html]
[mono.iamabdus.com/card.html]
[mono.iamabdus.com/carousel.html]
[mono.iamabdus.com/collapse.html]
[mono.iamabdus.com/list-group.html]
[mono.iamabdus.com/editor.html]
[mono.iamabdus.com/pagination.html]
[mono.iamabdus.com/modal.html]
[mono.iamabdus.com/progress-bar.html]
[mono.iamabdus.com/popover-tooltip.html]
[mono.iamabdus.com/spinner.html]
[mono.iamabdus.com/bootstarp-tables.html]
[mono.iamabdus.com/switches.html]
[mono.iamabdus.com/tab.html]
[mono.iamabdus.com/toaster.html]
[mono.iamabdus.com/data-tables.html]
[mono.iamabdus.com/material-icons.html]
[mono.iamabdus.com/basic-input.html]
[mono.iamabdus.com/input-group.html]
[mono.iamabdus.com/checkbox-radio.html]
[mono.iamabdus.com/form-validation.html]
[mono.iamabdus.com/form-advance.html]
[mono.iamabdus.com/google-maps.html]
[mono.iamabdus.com/widgets-general.html]
[mono.iamabdus.com/widgets-chart.html]
[mono.iamabdus.com/apex-charts.html]
[mono.iamabdus.com/user-profile.html]
[mono.iamabdus.com/flag-icons.html]
[mono.iamabdus.com/vector-maps.html]
[mono.iamabdus.com/user-activities.html]
[mono.iamabdus.com/user-profile-settings.html]
[mono.iamabdus.com/user-account-settings.html]
[mono.iamabdus.com/user-planing-settings.html]
[mono.iamabdus.com/user-billing.html]
[mono.iamabdus.com/user-notify-settings.html]
[mono.iamabdus.com/sign-in.html]
[mono.iamabdus.com/sign-up.html]
[mono.iamabdus.com/reset-password.html]
[mono.iamabdus.com/invoice.html]
[mono.iamabdus.com/404.html]
[mono.iamabdus.com/page-comingsoon.html]
[mono.iamabdus.com/page-maintenance.html]
[mono.iamabdus.com/getting-started.html]
[mono.iamabdus.com/navbar-customization.html]
[mono.iamabdus.com/sidebar-customization.html]
[mono.iamabdus.com/assets/img/user/user-sm-02.jpg]
[mono.iamabdus.com/styling.html]
[mono.iamabdus.com/assets/img/user/user-sm-03.jpg]
[mono.iamabdus.com/assets/img/user/user-sm-01.jpg]
[mono.iamabdus.com/assets/img/user/user-sm-04.jpg]
[mono.iamabdus.com/assets/img/user/user-xs-01.jpg]
[mono.iamabdus.com/assets/img/products/products-xs-01.jpg]
[mono.iamabdus.com/assets/img/products/products-xs-02.jpg]
[mono.iamabdus.com/assets/img/products/products-xs-03.jpg]
[mono.iamabdus.com/assets/img/products/products-xs-04.jpg]
[mono.iamabdus.com/assets/img/products/products-xs-05.jpg]
[mono.iamabdus.com/assets/img/products/products-xs-06.jpg]
[mono.iamabdus.com/assets/img/products/products-xs-07.jpg]
[mono.iamabdus.com/assets/img/products/products-xs-08.jpg]
[mono.iamabdus.com/assets/img/products/products-xs-09.jpg]
[mono.iamabdus.com/assets/img/products/products-xs-10.jpg]
[mono.iamabdus.com/assets/img/products/products-xs-11.jpg]
[mono.iamabdus.com/assets/img/products/products-xs-12.jpg]
[mono.iamabdus.com/assets/img/products/products-xs-13.jpg]
[mono.iamabdus.com/assets/img/products/products-xs-14.jpg]
[mono.iamabdus.com/assets/img/products/products-xs-15.jpg]
[mono.iamabdus.com/assets/img/user/user-sm-05.jpg]
[mono.iamabdus.com/assets/img/user/user-sm-06.jpg]
[mono.iamabdus.com/assets/plugins/jquery/jquery.min.js]
[mono.iamabdus.com/assets/plugins/bootstrap/js/bootstrap.bundle.min.js]
[mono.iamabdus.com/assets/plugins/simplebar/simplebar.min.js]
[unpkg.com/hotkeys-js@3.8.1/dist/hotkeys.min.js]
[mono.iamabdus.com/assets/plugins/DataTables/DataTables-1.10.18/js/jquery.dataTables.min.js]
[mono.iamabdus.com/assets/plugins/jvectormap/jquery-jvectormap-2.0.3.min.js]
[mono.iamabdus.com/assets/plugins/jvectormap/jquery-jvectormap-world-mill.js]
[mono.iamabdus.com/assets/plugins/jvectormap/jquery-jvectormap-us-aea.js]
[mono.iamabdus.com/assets/plugins/daterangepicker/moment.min.js]
[mono.iamabdus.com/assets/plugins/daterangepicker/daterangepicker.js]
[mono.iamabdus.com/assets/plugins/toaster/toastr.min.js]
[mono.iamabdus.com/assets/js/mono.js]
[mono.iamabdus.com/assets/js/map.js]
[mono.iamabdus.com/assets/js/custom.js]
[mono.iamabdus.com/assets/options/optionswitcher.js]
[mono.iamabdus.com/index.html]
[mono.iamabdus.com/assets/plugins/apexcharts/apexcharts.js]
[mono.iamabdus.com/assets/js/chart.js]
[cdn.quilljs.com/1.3.6/quill.js]
[mono.iamabdus.com/index-2.html]
[mono.iamabdus.com/charts-chartjs.75.delayed]
[mono.iamabdus.com/profile.html]
[mono.iamabdus.com/general-widgets.html]
[mono.iamabdus.com/analytics.html]
[mono.iamabdus.com/chat.html]
[mono.iamabdus.com/assets/img/user/u-xl-1.jpg]
[mono.iamabdus.com/assets/img/user/u-xl-2.jpg]
[mono.iamabdus.com/assets/img/user/u-xl-3.jpg]
[mono.iamabdus.com/assets/img/user/u-xl-4.jpg]
[mono.iamabdus.com/assets/img/user/u-xl-5.jpg]
[mono.iamabdus.com/assets/img/user/u-xl-6.jpg]
[mono.iamabdus.com/assets/img/user/u-xl-7.jpg]
[mono.iamabdus.com/assets/img/user/u-xl-8.jpg]
[mono.iamabdus.com/assets/img/user/u-xl-9.jpg]
[mono.iamabdus.com/assets/img/user/u-xl-10.jpg]
[mono.iamabdus.com/assets/img/user/u-xl-11.jpg]
[mono.iamabdus.com/assets/img/user/u-xl-12.jpg]
[mono.iamabdus.com/contacts.html]
[mono.iamabdus.com/assets/img/user/u6.jpg]
[mono.iamabdus.com/assets/img/user/user-md-1.jpg]
[mono.iamabdus.com/assets/img/user/user-md-2.jpg]
[mono.iamabdus.com/assets/img/user/user-md-3.jpg]
[mono.iamabdus.com/assets/img/user/user-md-4.jpg]
[mono.iamabdus.com/assets/img/user/user-md-5.jpg]
[mono.iamabdus.com/assets/img/user/u7.jpg]
[mono.iamabdus.com/assets/img/user/u8.jpg]
[mono.iamabdus.com/team.html]
[mono.iamabdus.com/assets/plugins/circle-progress/circle-progress.js]
[mono.iamabdus.com/assets/plugins/fullcalendar/core-4.3.1/main.min.css]
[mono.iamabdus.com/assets/plugins/fullcalendar/daygrid-4.3.0/main.min.js]
[mono.iamabdus.com/assets/plugins/fullcalendar/core-4.3.1/main.min.js]
[mono.iamabdus.com/calendar.html]
[mono.iamabdus.com/email-inbox.html]
[mono.iamabdus.com/assets/js/calendar.js]
[mono.iamabdus.com/assets/img/products/pa1.jpg]
[mono.iamabdus.com/assets/img/products/pa2.jpg]
[mono.iamabdus.com/assets/img/products/pa3.jpg]
[mono.iamabdus.com/email-details.html]
[mono.iamabdus.com/assets/img/products/pa4.jpg]
[mono.iamabdus.com/email-compose.html]
[mono.iamabdus.com/assets/plugins/prism/prism.css]
[mono.iamabdus.com/assets/plugins/dropzone/dropzone.js]
[mono.iamabdus.com/alert.html]
[mono.iamabdus.com/badge.html]
[mono.iamabdus.com/breadcrumb.html]
[mono.iamabdus.com/button-default.html]
[mono.iamabdus.com/button-dropdown.html]
[mono.iamabdus.com/button-group.html]
[mono.iamabdus.com/button-social.html]
[mono.iamabdus.com/assets/plugins/prism/prism.js]
[mono.iamabdus.com/assets/plugins/ladda/ladda.min.css]
[mono.iamabdus.com/assets/plugins/ladda/spin.min.js]
[mono.iamabdus.com/assets/plugins/ladda/ladda.min.js]
[mono.iamabdus.com/button-loading.html]
[mono.iamabdus.com/assets/img/elements/cc1.jpg]
[mono.iamabdus.com/assets/img/elements/cc1a.jpg]
[mono.iamabdus.com/assets/img/elements/cc1b.jpg]
[mono.iamabdus.com/assets/img/elements/cc1c.jpg]
[mono.iamabdus.com/assets/img/elements/hc1.jpg]
[mono.iamabdus.com/assets/img/elements/hc2.jpg]
[mono.iamabdus.com/assets/img/elements/cc3a.jpg]
[mono.iamabdus.com/assets/img/elements/cc3b.jpg]
[mono.iamabdus.com/assets/img/elements/cc3c.jpg]
[mono.iamabdus.com/assets/img/elements/cc2a.jpg]
[mono.iamabdus.com/assets/img/elements/cc4a.jpg]
[mono.iamabdus.com/assets/img/elements/cc4b.jpg]
[mono.iamabdus.com/card.html]
[mono.iamabdus.com/assets/img/elements/cc4c.jpg]
[mono.iamabdus.com/assets/plugins/owl-carousel/assets/owl.carousel.min.css]
[mono.iamabdus.com/assets/plugins/owl-carousel/assets/owl.theme.default.css]
[mono.iamabdus.com/assets/img/elements/slide1.jpg]
[mono.iamabdus.com/assets/img/elements/slide2.jpg]
[mono.iamabdus.com/assets/img/elements/slide3.jpg]
[mono.iamabdus.com/assets/img/elements/slide4.jpg]
[mono.iamabdus.com/assets/img/elements/user-lg-1.jpg]
[mono.iamabdus.com/assets/img/elements/user-lg-2.jpg]
[mono.iamabdus.com/assets/img/elements/user-lg-3.jpg]
[mono.iamabdus.com/assets/img/elements/user-lg-4.jpg]
[mono.iamabdus.com/assets/img/elements/user-md-1.jpg]
[mono.iamabdus.com/assets/img/elements/user-md-2.jpg]
[mono.iamabdus.com/assets/img/elements/user-md-3.jpg]
[mono.iamabdus.com/carousel.html]
[mono.iamabdus.com/assets/plugins/owl-carousel/owl.carousel.min.js]
[mono.iamabdus.com/collapse.html]
[mono.iamabdus.com/assets/plugins/codemirror/codemirror.css]
[mono.iamabdus.com/assets/plugins/codemirror/mode/xml/xml.js]
[mono.iamabdus.com/assets/plugins/codemirror/mode/css/css.js]
[mono.iamabdus.com/editor.html]
[mono.iamabdus.com/list-group.html]
[mono.iamabdus.com/modal.html]
[mono.iamabdus.com/pagination.html]
[mono.iamabdus.com/popover-tooltip.html]
[mono.iamabdus.com/progress-bar.html]
[mono.iamabdus.com/spinner.html]
[mono.iamabdus.com/switches.html]
[mono.iamabdus.com/bootstarp-tables.html]
[mono.iamabdus.com/data-tables.html]
[mono.iamabdus.com/tab.html]
[mono.iamabdus.com/toaster.html]
[mono.iamabdus.com/material-icons.html]
[mono.iamabdus.com/assets/plugins/flag-icons/css/flag-icon.min.css]
[mono.iamabdus.com/flag-icons.html]
[mono.iamabdus.com/basic-input.html]
[mono.iamabdus.com/input-group.html]
[mono.iamabdus.com/checkbox-radio.html]
[mono.iamabdus.com/form-validation.html]
[mono.iamabdus.com/assets/plugins/select2/css/select2.min.css]
[mono.iamabdus.com/assets/plugins/select2/js/select2.min.js]
[mono.iamabdus.com/assets/plugins/jquery-mask-input/jquery.mask.min.js]
[mono.iamabdus.com/form-advance.html]
[mono.iamabdus.com/google-maps.html]
[mono.iamabdus.com/vector-maps.html]
[mono.iamabdus.com/widgets-general.html]
[mono.iamabdus.com/widgets-chart.html]
[mono.iamabdus.com/apex-charts.html]
[mono.iamabdus.com/assets/img/user/user-bg-01.jpg]
[mono.iamabdus.com/assets/plugins/codemirror/codemirror.js]
[mono.iamabdus.com/assets/img/user/user-md-01.jpg]
[mono.iamabdus.com/user-profile.html]
[mono.iamabdus.com/assets/img/gallery/gallery-img-01.jpg]
[mono.iamabdus.com/assets/img/gallery/gallery-img-02.jpg]
[mono.iamabdus.com/assets/img/gallery/gallery-img-03.jpg]
[mono.iamabdus.com/assets/img/gallery/gallery-img-04.jpg]
[mono.iamabdus.com/assets/img/gallery/gallery-img-05.jpg]
[mono.iamabdus.com/assets/img/gallery/gallery-img-06.jpg]
[mono.iamabdus.com/assets/img/gallery/gallery-img-07.jpg]
[mono.iamabdus.com/assets/img/gallery/gallery-img-08.jpg]
[mono.iamabdus.com/assets/img/gallery/gallery-img-09.jpg]
[mono.iamabdus.com/assets/img/gallery/gallery-img-10.jpg]
[mono.iamabdus.com/user-activities.html]
[mono.iamabdus.com/assets/img/gallery/gallery-img-11.jpg]
[mono.iamabdus.com/user-profile-settings.html]
[mono.iamabdus.com/user-account-settings.html]
[mono.iamabdus.com/user-planing-settings.html]
[mono.iamabdus.com/user-billing.html]
[mono.iamabdus.com/user-notify-settings.html]
[mono.iamabdus.com/sign-in.html]
[mono.iamabdus.com/sign-up.html]
[mono.iamabdus.com/reset-password.html]
[mono.iamabdus.com/invoice.html]
[mono.iamabdus.com/404.html]
[mono.iamabdus.com/page-comingsoon.html]
[mono.iamabdus.com/assets/plugins/syotimer/jquery.syotimer.min.js]
[mono.iamabdus.com/assets/img/elements/maintanace.jpg]
[mono.iamabdus.com/page-maintenance.html]
[mono.iamabdus.com/getting-started.html]
[mono.iamabdus.com/navbar-customization.html]
[mono.iamabdus.com/sidebar-customization.html]
[mono.iamabdus.com/styling.html]
[fonts.googleapis.com/cssbf7a]
[mono.iamabdus.com/charts-chartjs.html]
[mono.iamabdus.com/profile.html]
[mono.iamabdus.com/general-widgets.html]
[mono.iamabdus.com/assets/plugins/material/fonts/materialdesignicons-webfont1382.woff2]
[mono.iamabdus.com/assets/plugins/material/fonts/materialdesignicons-webfontd41d.eot]
[mono.iamabdus.com/assets/plugins/material/fonts/materialdesignicons-webfont1382.ttf]
[mono.iamabdus.com/assets/plugins/material/fonts/materialdesignicons-webfont1382.eot]
[mono.iamabdus.com/assets/plugins/material/fonts/materialdesignicons-webfont1382.woff]
[mono.iamabdus.com/assets/plugins/material/css/materialdesignicons.min.css]
[mono.iamabdus.com/assets/plugins/simplebar/simplebar.css]
[mono.iamabdus.com/assets/plugins/nprogress/nprogress.css]
[mono.iamabdus.com/assets/plugins/material/fonts/materialdesignicons-webfont1382.svg]
[mono.iamabdus.com/assets/plugins/DataTables/DataTables-1.10.18/images/sort_both.png]
[mono.iamabdus.com/assets/plugins/DataTables/DataTables-1.10.18/images/sort_asc.png]
[mono.iamabdus.com/assets/plugins/DataTables/DataTables-1.10.18/images/sort_desc.png]
[mono.iamabdus.com/assets/plugins/DataTables/DataTables-1.10.18/images/sort_asc_disabled.d8.delayed]
[mono.iamabdus.com/assets/plugins/DataTables/DataTables-1.10.18/images/sort_desc_disabled.png]
[mono.iamabdus.com/assets/plugins/DataTables/DataTables-1.10.18/css/jquery.dataTables.min.css]
[mono.iamabdus.com/assets/plugins/jvectormap/jquery-jvectormap-2.0.3.css]
[mono.iamabdus.com/assets/plugins/daterangepicker/daterangepicker.css]
[cdn.quilljs.com/1.3.6/quill.snow.css]
[mono.iamabdus.com/assets/plugins/toaster/toastr.min.css]
[mono.iamabdus.com/assets/css/mono.css]
[mono.iamabdus.com/assets/options/pattern-black-04.jpg]
[mono.iamabdus.com/assets/options/pattern-black-01.jpg]
[mono.iamabdus.com/assets/options/pattern-black-02.jpg]
[mono.iamabdus.com/assets/options/pattern-black-05.jpg]
[mono.iamabdus.com/assets/options/pattern-white-bg4.jpg]
[mono.iamabdus.com/assets/options/pattern-white-bg1.jpg]
[mono.iamabdus.com/assets/options/pattern-white-bg2.jpg]
[mono.iamabdus.com/assets/options/optionswitch.css]
[mono.iamabdus.com/index-2.html]
[fonts.googleapis.com/cssbf7a]
[mono.iamabdus.com/assets/plugins/fullcalendar/core-4.3.1/main.min.css]
[mono.iamabdus.com/assets/plugins/fullcalendar/daygrid-4.3.0/main.min.css]
[mono.iamabdus.com/assets/plugins/prism/prism.css]
[mono.iamabdus.com/assets/plugins/ladda/ladda.min.css]
[mono.iamabdus.com/assets/plugins/owl-carousel/assets/owl.video.play.png]
[mono.iamabdus.com/assets/plugins/owl-carousel/assets/owl.carousel.min.css]
[mono.iamabdus.com/assets/plugins/owl-carousel/assets/owl.theme.default.css]
[mono.iamabdus.com/assets/plugins/codemirror/codemirror.css]
[mono.iamabdus.com/assets/plugins/codemirror/addon/hint/show-hint.css]
[mono.iamabdus.com/assets/plugins/flag-icons/flags/4x3/ad.svg]
[mono.iamabdus.com/assets/plugins/flag-icons/flags/1x1/ad.svg]
[mono.iamabdus.com/assets/plugins/flag-icons/flags/4x3/af.svg]
[mono.iamabdus.com/assets/plugins/flag-icons/flags/1x1/af.svg]
[mono.iamabdus.com/assets/plugins/flag-icons/flags/4x3/ai.svg]
[mono.iamabdus.com/assets/plugins/flag-icons/flags/1x1/ai.svg]
[mono.iamabdus.com/assets/plugins/flag-icons/flags/4x3/al.svg]
[mono.iamabdus.com/assets/plugins/flag-icons/flags/1x1/al.svg]
[mono.iamabdus.com/assets/plugins/flag-icons/flags/4x3/ao.svg]
[mono.iamabdus.com/assets/plugins/flag-icons/flags/1x1/ao.svg]
[mono.iamabdus.com/assets/plugins/flag-icons/flags/4x3/aq.svg]
[mono.iamabdus.com/assets/plugins/flag-icons/flags/1x1/aq.svg]
[mono.iamabdus.com/assets/plugins/flag-icons/flags/4x3/ar.svg]
[mono.iamabdus.com/assets/plugins/flag-icons/flags/1x1/ar.svg]
[mono.iamabdus.com/assets/plugins/flag-icons/flags/4x3/as.svg]
[mono.iamabdus.com/assets/plugins/flag-icons/flags/1x1/as.svg]
[mono.iamabdus.com/assets/plugins/flag-icons/flags/4x3/au.svg]
[mono.iamabdus.com/assets/plugins/flag-icons/flags/1x1/au.svg]
[mono.iamabdus.com/assets/plugins/flag-icons/flags/4x3/aw.svg]
[mono.iamabdus.com/assets/plugins/flag-icons/flags/1x1/aw.svg]
[mono.iamabdus.com/assets/plugins/flag-icons/flags/4x3/ba.svg]
[mono.iamabdus.com/assets/plugins/flag-icons/flags/1x1/ba.svg]
[mono.iamabdus.com/assets/plugins/flag-icons/flags/4x3/bi.svg]
[mono.iamabdus.com/assets/plugins/flag-icons/flags/1x1/bi.svg]
[mono.iamabdus.com/assets/plugins/flag-icons/flags/4x3/bm.svg]
[mono.iamabdus.com/assets/plugins/flag-icons/flags/1x1/bm.svg]
[mono.iamabdus.com/assets/plugins/flag-icons/flags/4x3/bn.svg]
[mono.iamabdus.com/assets/plugins/flag-icons/flags/1x1/bn.svg]
[mono.iamabdus.com/assets/plugins/flag-icons/flags/4x3/bo.svg]
[mono.iamabdus.com/assets/plugins/flag-icons/flags/1x1/bo.svg]
[mono.iamabdus.com/assets/plugins/flag-icons/flags/4x3/br.svg]
[mono.iamabdus.com/assets/plugins/flag-icons/flags/1x1/br.svg]
[mono.iamabdus.com/assets/plugins/flag-icons/flags/4x3/bt.svg]
[mono.iamabdus.com/assets/plugins/flag-icons/flags/1x1/bt.svg]
[mono.iamabdus.com/assets/plugins/flag-icons/flags/4x3/by.svg]
[mono.iamabdus.com/assets/plugins/flag-icons/flags/1x1/by.svg]
[mono.iamabdus.com/assets/plugins/flag-icons/flags/4x3/bz.svg]
[mono.iamabdus.com/assets/plugins/flag-icons/flags/1x1/bz.svg]
[mono.iamabdus.com/assets/plugins/flag-icons/flags/4x3/cc.svg]
[mono.iamabdus.com/assets/plugins/flag-icons/flags/1x1/cc.svg]
[mono.iamabdus.com/assets/plugins/flag-icons/flags/4x3/ck.svg]
[mono.iamabdus.com/assets/plugins/flag-icons/flags/1x1/ck.svg]
[mono.iamabdus.com/assets/plugins/flag-icons/flags/4x3/cv.svg]
[mono.iamabdus.com/assets/plugins/flag-icons/flags/1x1/cv.svg]
[mono.iamabdus.com/assets/plugins/flag-icons/flags/4x3/cx.svg]
[mono.iamabdus.com/assets/plugins/flag-icons/flags/1x1/cx.svg]
[mono.iamabdus.com/assets/plugins/flag-icons/flags/4x3/cy.svg]
[mono.iamabdus.com/assets/plugins/flag-icons/flags/1x1/cy.svg]
[mono.iamabdus.com/assets/plugins/flag-icons/flags/4x3/dm.svg]
[mono.iamabdus.com/assets/plugins/flag-icons/flags/1x1/dm.svg]
[mono.iamabdus.com/assets/plugins/flag-icons/flags/4x3/do.svg]
[mono.iamabdus.com/assets/plugins/flag-icons/flags/1x1/do.svg]
[mono.iamabdus.com/assets/plugins/flag-icons/flags/4x3/ec.svg]
[mono.iamabdus.com/assets/plugins/flag-icons/flags/1x1/ec.svg]
[mono.iamabdus.com/assets/plugins/flag-icons/flags/4x3/eg.svg]
[mono.iamabdus.com/assets/plugins/flag-icons/flags/1x1/eg.svg]
[mono.iamabdus.com/assets/plugins/flag-icons/flags/4x3/er.svg]
[mono.iamabdus.com/assets/plugins/flag-icons/flags/1x1/er.svg]
[mono.iamabdus.com/assets/plugins/flag-icons/flags/4x3/es.svg]
[mono.iamabdus.com/assets/plugins/flag-icons/flags/1x1/es.svg]
[mono.iamabdus.com/assets/plugins/flag-icons/flags/4x3/et.svg]
[mono.iamabdus.com/assets/plugins/flag-icons/flags/1x1/et.svg]
[mono.iamabdus.com/assets/plugins/flag-icons/flags/4x3/fj.svg]
[mono.iamabdus.com/assets/plugins/flag-icons/flags/1x1/fj.svg]
[mono.iamabdus.com/assets/plugins/flag-icons/flags/4x3/fk.svg]
[mono.iamabdus.com/assets/plugins/flag-icons/flags/1x1/fk.svg]
[mono.iamabdus.com/assets/plugins/flag-icons/flags/4x3/gd.svg]
[mono.iamabdus.com/assets/plugins/flag-icons/flags/1x1/gd.svg]
[mono.iamabdus.com/assets/plugins/flag-icons/flags/4x3/ge.svg]
[mono.iamabdus.com/assets/plugins/flag-icons/flags/1x1/ge.svg]
[mono.iamabdus.com/assets/plugins/flag-icons/flags/4x3/gi.svg]
[mono.iamabdus.com/assets/plugins/flag-icons/flags/1x1/gi.svg]
[mono.iamabdus.com/assets/plugins/flag-icons/flags/4x3/gq.svg]
[mono.iamabdus.com/assets/plugins/flag-icons/flags/1x1/gq.svg]
[mono.iamabdus.com/assets/plugins/flag-icons/flags/4x3/gs.svg]
[mono.iamabdus.com/assets/plugins/flag-icons/flags/1x1/gs.svg]
[mono.iamabdus.com/assets/plugins/flag-icons/flags/4x3/gt.svg]
[mono.iamabdus.com/assets/plugins/flag-icons/flags/1x1/gt.svg]
[mono.iamabdus.com/assets/plugins/flag-icons/flags/4x3/gu.svg]
[mono.iamabdus.com/assets/plugins/flag-icons/flags/1x1/gu.svg]
[mono.iamabdus.com/assets/plugins/flag-icons/flags/4x3/hk.svg]
[mono.iamabdus.com/assets/plugins/flag-icons/flags/1x1/hk.svg]
[mono.iamabdus.com/assets/plugins/flag-icons/flags/4x3/hm.svg]
[mono.iamabdus.com/assets/plugins/flag-icons/flags/1x1/hm.svg]
[mono.iamabdus.com/assets/plugins/flag-icons/flags/4x3/hn.svg]
[mono.iamabdus.com/assets/plugins/flag-icons/flags/1x1/hn.svg]
[mono.iamabdus.com/assets/plugins/flag-icons/flags/4x3/hr.svg]
[mono.iamabdus.com/assets/plugins/flag-icons/flags/1x1/hr.svg]
[mono.iamabdus.com/assets/plugins/flag-icons/flags/4x3/ht.svg]
[mono.iamabdus.com/assets/plugins/flag-icons/flags/1x1/ht.svg]
[mono.iamabdus.com/assets/plugins/flag-icons/flags/4x3/im.svg]
[mono.iamabdus.com/assets/plugins/flag-icons/flags/1x1/im.svg]
[mono.iamabdus.com/assets/plugins/flag-icons/flags/4x3/in.svg]
[mono.iamabdus.com/assets/plugins/flag-icons/flags/1x1/in.svg]
[mono.iamabdus.com/assets/plugins/flag-icons/flags/4x3/io.svg]
[mono.iamabdus.com/assets/plugins/flag-icons/flags/1x1/io.svg]
[mono.iamabdus.com/assets/plugins/flag-icons/flags/4x3/iq.svg]
[mono.iamabdus.com/assets/plugins/flag-icons/flags/1x1/iq.svg]
[mono.iamabdus.com/assets/plugins/flag-icons/flags/4x3/ir.svg]
[mono.iamabdus.com/assets/plugins/flag-icons/flags/1x1/ir.svg]
[mono.iamabdus.com/assets/plugins/flag-icons/flags/4x3/je.svg]
[mono.iamabdus.com/assets/plugins/flag-icons/flags/1x1/je.svg]
[mono.iamabdus.com/assets/plugins/flag-icons/flags/4x3/ke.svg]
[mono.iamabdus.com/assets/plugins/flag-icons/flags/1x1/ke.svg]
[mono.iamabdus.com/assets/plugins/flag-icons/flags/4x3/kg.svg]
[mono.iamabdus.com/assets/plugins/flag-icons/flags/1x1/kg.svg]
[mono.iamabdus.com/assets/plugins/flag-icons/flags/4x3/kh.svg]
[mono.iamabdus.com/assets/plugins/flag-icons/flags/1x1/kh.svg]
[mono.iamabdus.com/assets/plugins/flag-icons/flags/4x3/ki.svg]
[mono.iamabdus.com/assets/plugins/flag-icons/flags/1x1/ki.svg]
[mono.iamabdus.com/assets/plugins/flag-icons/flags/4x3/km.svg]
[mono.iamabdus.com/assets/plugins/flag-icons/flags/1x1/km.svg]
[mono.iamabdus.com/assets/plugins/flag-icons/flags/4x3/kr.svg]
[mono.iamabdus.com/assets/plugins/flag-icons/flags/1x1/kr.svg]
[mono.iamabdus.com/assets/plugins/flag-icons/flags/4x3/ky.svg]
[mono.iamabdus.com/assets/plugins/flag-icons/flags/1x1/ky.svg]
[mono.iamabdus.com/assets/plugins/flag-icons/flags/4x3/kz.svg]
[mono.iamabdus.com/assets/plugins/flag-icons/flags/1x1/kz.svg]
[mono.iamabdus.com/assets/plugins/flag-icons/flags/4x3/lb.svg]
[mono.iamabdus.com/assets/plugins/flag-icons/flags/1x1/lb.svg]
[mono.iamabdus.com/assets/plugins/flag-icons/flags/4x3/li.svg]
[mono.iamabdus.com/assets/plugins/flag-icons/flags/1x1/li.svg]
[mono.iamabdus.com/assets/plugins/flag-icons/flags/4x3/lk.svg]
[mono.iamabdus.com/assets/plugins/flag-icons/flags/1x1/lk.svg]
[mono.iamabdus.com/assets/plugins/flag-icons/flags/4x3/ls.svg]
[mono.iamabdus.com/assets/plugins/flag-icons/flags/1x1/ls.svg]
[mono.iamabdus.com/assets/plugins/flag-icons/flags/4x3/md.svg]
[mono.iamabdus.com/assets/plugins/flag-icons/flags/1x1/md.svg]
[mono.iamabdus.com/assets/plugins/flag-icons/flags/4x3/me.svg]
[mono.iamabdus.com/assets/plugins/flag-icons/flags/1x1/me.svg]
[mono.iamabdus.com/assets/plugins/flag-icons/flags/4x3/mn.svg]
[mono.iamabdus.com/assets/plugins/flag-icons/flags/1x1/mn.svg]
[mono.iamabdus.com/assets/plugins/flag-icons/flags/4x3/mo.svg]
[mono.iamabdus.com/assets/plugins/flag-icons/flags/1x1/mo.svg]
[mono.iamabdus.com/assets/plugins/flag-icons/flags/4x3/mp.svg]
[mono.iamabdus.com/assets/plugins/flag-icons/flags/1x1/mp.svg]
[mono.iamabdus.com/assets/plugins/flag-icons/flags/4x3/ms.svg]
[mono.iamabdus.com/assets/plugins/flag-icons/flags/1x1/ms.svg]
[mono.iamabdus.com/assets/plugins/flag-icons/flags/4x3/mt.svg]
[mono.iamabdus.com/assets/plugins/flag-icons/flags/1x1/mt.svg]
[mono.iamabdus.com/assets/plugins/flag-icons/flags/4x3/mw.svg]
[mono.iamabdus.com/assets/plugins/flag-icons/flags/1x1/mw.svg]
[mono.iamabdus.com/assets/plugins/flag-icons/flags/4x3/mx.svg]
[mono.iamabdus.com/assets/plugins/flag-icons/flags/1x1/mx.svg]
[mono.iamabdus.com/assets/plugins/flag-icons/flags/4x3/my.svg]
[mono.iamabdus.com/assets/plugins/flag-icons/flags/1x1/my.svg]
[mono.iamabdus.com/assets/plugins/flag-icons/flags/4x3/mz.svg]
[mono.iamabdus.com/assets/plugins/flag-icons/flags/1x1/mz.svg]
[mono.iamabdus.com/assets/plugins/flag-icons/flags/4x3/nf.svg]
[mono.iamabdus.com/assets/plugins/flag-icons/flags/1x1/nf.svg]
[mono.iamabdus.com/assets/plugins/flag-icons/flags/4x3/ni.svg]
[mono.iamabdus.com/assets/plugins/flag-icons/flags/1x1/ni.svg]
[mono.iamabdus.com/assets/plugins/flag-icons/flags/4x3/np.svg]
[mono.iamabdus.com/assets/plugins/flag-icons/flags/1x1/np.svg]
[mono.iamabdus.com/assets/plugins/flag-icons/flags/4x3/nu.svg]
[mono.iamabdus.com/assets/plugins/flag-icons/flags/1x1/nu.svg]
[mono.iamabdus.com/assets/plugins/flag-icons/flags/4x3/nz.svg]
[mono.iamabdus.com/assets/plugins/flag-icons/flags/1x1/nz.svg]
[mono.iamabdus.com/assets/plugins/flag-icons/flags/4x3/om.svg]
[mono.iamabdus.com/assets/plugins/flag-icons/flags/1x1/om.svg]
[mono.iamabdus.com/assets/plugins/flag-icons/flags/4x3/pe.svg]
[mono.iamabdus.com/assets/plugins/flag-icons/flags/1x1/pe.svg]
[mono.iamabdus.com/assets/plugins/flag-icons/flags/4x3/pf.svg]
[mono.iamabdus.com/assets/plugins/flag-icons/flags/1x1/pf.svg]
[mono.iamabdus.com/assets/plugins/flag-icons/flags/4x3/pg.svg]
[mono.iamabdus.com/assets/plugins/flag-icons/flags/1x1/pg.svg]
[mono.iamabdus.com/assets/plugins/flag-icons/flags/4x3/ph.svg]
[mono.iamabdus.com/assets/plugins/flag-icons/flags/1x1/ph.svg]
[mono.iamabdus.com/assets/plugins/flag-icons/flags/4x3/pn.svg]
[mono.iamabdus.com/assets/plugins/flag-icons/flags/1x1/pn.svg]
[mono.iamabdus.com/assets/plugins/flag-icons/flags/4x3/pt.svg]
[mono.iamabdus.com/assets/plugins/flag-icons/flags/1x1/pt.svg]
[mono.iamabdus.com/assets/plugins/flag-icons/flags/4x3/py.svg]
[mono.iamabdus.com/assets/plugins/flag-icons/flags/1x1/py.svg]
[mono.iamabdus.com/assets/plugins/flag-icons/flags/4x3/rs.svg]
[mono.iamabdus.com/assets/plugins/flag-icons/flags/1x1/rs.svg]
[mono.iamabdus.com/assets/plugins/flag-icons/flags/4x3/sa.svg]
[mono.iamabdus.com/assets/plugins/flag-icons/flags/1x1/sa.svg]
[mono.iamabdus.com/assets/plugins/flag-icons/flags/4x3/sh.svg]
[mono.iamabdus.com/assets/plugins/flag-icons/flags/1x1/sh.svg]
[mono.iamabdus.com/assets/plugins/flag-icons/flags/4x3/si.svg]
[mono.iamabdus.com/assets/plugins/flag-icons/flags/1x1/si.svg]
[mono.iamabdus.com/assets/plugins/flag-icons/flags/4x3/sk.svg]
[mono.iamabdus.com/assets/plugins/flag-icons/flags/1x1/sk.svg]
[mono.iamabdus.com/assets/plugins/flag-icons/flags/4x3/sm.svg]
[mono.iamabdus.com/assets/plugins/flag-icons/flags/1x1/sm.svg]
[mono.iamabdus.com/assets/plugins/flag-icons/flags/4x3/sv.svg]
[mono.iamabdus.com/assets/plugins/flag-icons/flags/1x1/sv.svg]
[mono.iamabdus.com/assets/plugins/flag-icons/flags/4x3/sx.svg]
[mono.iamabdus.com/assets/plugins/flag-icons/flags/1x1/sx.svg]
[mono.iamabdus.com/assets/plugins/flag-icons/flags/4x3/sz.svg]
[mono.iamabdus.com/assets/plugins/flag-icons/flags/1x1/sz.svg]
[mono.iamabdus.com/assets/plugins/flag-icons/flags/4x3/tc.svg]
[mono.iamabdus.com/assets/plugins/flag-icons/flags/1x1/tc.svg]
[mono.iamabdus.com/assets/plugins/flag-icons/flags/4x3/tf.svg]
[mono.iamabdus.com/assets/plugins/flag-icons/flags/1x1/tf.svg]
[mono.iamabdus.com/assets/plugins/flag-icons/flags/4x3/tj.svg]
[mono.iamabdus.com/assets/plugins/flag-icons/flags/1x1/tj.svg]
[mono.iamabdus.com/assets/plugins/flag-icons/flags/4x3/tm.svg]
[mono.iamabdus.com/assets/plugins/flag-icons/flags/1x1/tm.svg]
[mono.iamabdus.com/assets/plugins/flag-icons/flags/4x3/tv.svg]
[mono.iamabdus.com/assets/plugins/flag-icons/flags/1x1/tv.svg]
[mono.iamabdus.com/assets/plugins/flag-icons/flags/4x3/ug.svg]
[mono.iamabdus.com/assets/plugins/flag-icons/flags/1x1/ug.svg]
[mono.iamabdus.com/assets/plugins/flag-icons/flags/4x3/um.svg]
[mono.iamabdus.com/assets/plugins/flag-icons/flags/1x1/um.svg]
[mono.iamabdus.com/assets/plugins/flag-icons/flags/4x3/us.svg]
[mono.iamabdus.com/assets/plugins/flag-icons/flags/1x1/us.svg]
[mono.iamabdus.com/assets/plugins/flag-icons/flags/4x3/uy.svg]
[mono.iamabdus.com/assets/plugins/flag-icons/flags/1x1/uy.svg]
[mono.iamabdus.com/assets/plugins/flag-icons/flags/4x3/uz.svg]
[mono.iamabdus.com/assets/plugins/flag-icons/flags/1x1/uz.svg]
[mono.iamabdus.com/assets/plugins/flag-icons/flags/4x3/va.svg]
[mono.iamabdus.com/assets/plugins/flag-icons/flags/1x1/va.svg]
[mono.iamabdus.com/assets/plugins/flag-icons/flags/4x3/ve.svg]
[mono.iamabdus.com/assets/plugins/flag-icons/flags/1x1/ve.svg]
[mono.iamabdus.com/assets/plugins/flag-icons/flags/4x3/vg.svg]
[mono.iamabdus.com/assets/plugins/flag-icons/flags/1x1/vg.svg]
[mono.iamabdus.com/assets/plugins/flag-icons/flags/4x3/vi.svg]
[mono.iamabdus.com/assets/plugins/flag-icons/flags/1x1/vi.svg]
[mono.iamabdus.com/assets/plugins/flag-icons/flags/4x3/vu.svg]
[mono.iamabdus.com/assets/plugins/flag-icons/flags/1x1/vu.svg]
[mono.iamabdus.com/assets/plugins/flag-icons/flags/4x3/zm.svg]
[mono.iamabdus.com/assets/plugins/flag-icons/flags/1x1/zm.svg]
[mono.iamabdus.com/assets/plugins/flag-icons/flags/4x3/zw.svg]
[mono.iamabdus.com/assets/plugins/flag-icons/flags/1x1/zw.svg]
[mono.iamabdus.com/assets/plugins/flag-icons/flags/4x3/eu.svg]
[mono.iamabdus.com/assets/plugins/flag-icons/flags/1x1/eu.svg]
[mono.iamabdus.com/assets/plugins/flag-icons/flags/4x3/gb-nir.svg]
[mono.iamabdus.com/assets/plugins/flag-icons/flags/1x1/gb-nir.svg]
[mono.iamabdus.com/assets/plugins/flag-icons/flags/4x3/gb-wls.svg]
[mono.iamabdus.com/assets/plugins/flag-icons/flags/1x1/gb-wls.svg]
[mono.iamabdus.com/assets/plugins/flag-icons/flags/4x3/un.svg]
[mono.iamabdus.com/assets/plugins/flag-icons/css/flag-icon.min.css]
[mono.iamabdus.com/assets/plugins/select2/css/select2.min.css]
[mono.iamabdus.com/assets/plugins/material/fonts/materialdesignicons-webfont1382.svg]
[mono.iamabdus.com/analytics.html]
[mono.iamabdus.com/assets/plugins/flag-icons/flags/1x1/un.svg]
[mono.iamabdus.com/assets/img/elements/slide1.jpg]
[mono.iamabdus.com/assets/img/elements/slide3.jpg]
[mono.iamabdus.com/assets/img/elements/slide4.jpg]
[mono.iamabdus.com/assets/plugins/flag-icons/flags/4x3/ad.svg]
[mono.iamabdus.com/assets/plugins/flag-icons/flags/1x1/ad.svg]
[mono.iamabdus.com/assets/plugins/flag-icons/flags/4x3/ae.svg]
[mono.iamabdus.com/assets/plugins/flag-icons/flags/1x1/ae.svg]
[mono.iamabdus.com/assets/plugins/flag-icons/flags/4x3/af.svg]
[mono.iamabdus.com/assets/plugins/flag-icons/flags/1x1/af.svg]
[mono.iamabdus.com/assets/plugins/flag-icons/flags/4x3/ag.svg]
[mono.iamabdus.com/assets/plugins/flag-icons/flags/1x1/ag.svg]
[mono.iamabdus.com/assets/plugins/flag-icons/flags/4x3/ai.svg]
[mono.iamabdus.com/assets/plugins/flag-icons/flags/1x1/ai.svg]
[mono.iamabdus.com/assets/plugins/flag-icons/flags/4x3/al.svg]
[mono.iamabdus.com/assets/plugins/flag-icons/flags/1x1/al.svg]
[mono.iamabdus.com/assets/plugins/flag-icons/flags/4x3/am.svg]
[mono.iamabdus.com/assets/plugins/flag-icons/flags/1x1/am.svg]
[mono.iamabdus.com/assets/plugins/flag-icons/flags/4x3/ao.svg]
[mono.iamabdus.com/assets/plugins/flag-icons/flags/1x1/ao.svg]
[mono.iamabdus.com/assets/plugins/flag-icons/flags/4x3/aq.svg]
[mono.iamabdus.com/assets/plugins/flag-icons/flags/1x1/aq.svg]
[mono.iamabdus.com/assets/plugins/flag-icons/flags/4x3/ar.svg]
[mono.iamabdus.com/assets/plugins/flag-icons/flags/1x1/ar.svg]
[mono.iamabdus.com/assets/plugins/flag-icons/flags/4x3/as.svg]
[mono.iamabdus.com/assets/plugins/flag-icons/flags/1x1/as.svg]
[mono.iamabdus.com/assets/plugins/flag-icons/flags/4x3/at.svg]
[mono.iamabdus.com/assets/plugins/flag-icons/flags/1x1/at.svg]
[mono.iamabdus.com/assets/plugins/flag-icons/flags/4x3/au.svg]
[mono.iamabdus.com/assets/plugins/flag-icons/flags/1x1/au.svg]
[mono.iamabdus.com/assets/plugins/flag-icons/flags/4x3/aw.svg]
[mono.iamabdus.com/assets/plugins/flag-icons/flags/1x1/aw.svg]
[mono.iamabdus.com/assets/plugins/flag-icons/flags/4x3/ax.svg]
[mono.iamabdus.com/assets/plugins/flag-icons/flags/1x1/ax.svg]
[mono.iamabdus.com/assets/plugins/flag-icons/flags/4x3/az.svg]
[mono.iamabdus.com/assets/plugins/flag-icons/flags/1x1/az.svg]
[mono.iamabdus.com/assets/plugins/flag-icons/flags/4x3/ba.svg]
[mono.iamabdus.com/assets/plugins/flag-icons/flags/1x1/ba.svg]
[mono.iamabdus.com/assets/plugins/flag-icons/flags/4x3/bb.svg]
[mono.iamabdus.com/assets/plugins/flag-icons/flags/1x1/bb.svg]
[mono.iamabdus.com/assets/plugins/flag-icons/flags/4x3/bd.svg]
[mono.iamabdus.com/assets/plugins/flag-icons/flags/1x1/bd.svg]
[mono.iamabdus.com/assets/plugins/flag-icons/flags/4x3/be.svg]
[mono.iamabdus.com/assets/plugins/flag-icons/flags/1x1/be.svg]
[mono.iamabdus.com/assets/plugins/flag-icons/flags/4x3/bf.svg]
[mono.iamabdus.com/assets/plugins/flag-icons/flags/1x1/bf.svg]
[mono.iamabdus.com/assets/plugins/flag-icons/flags/4x3/bg.svg]
[mono.iamabdus.com/assets/plugins/flag-icons/flags/1x1/bg.svg]
[mono.iamabdus.com/assets/plugins/flag-icons/flags/4x3/bh.svg]
[mono.iamabdus.com/assets/plugins/flag-icons/flags/1x1/bh.svg]
[mono.iamabdus.com/assets/plugins/flag-icons/flags/4x3/bi.svg]
[mono.iamabdus.com/assets/plugins/flag-icons/flags/1x1/bi.svg]
[mono.iamabdus.com/assets/plugins/flag-icons/flags/4x3/bj.svg]
[mono.iamabdus.com/assets/plugins/flag-icons/flags/1x1/bj.svg]
[mono.iamabdus.com/assets/plugins/flag-icons/flags/4x3/bl.svg]
[mono.iamabdus.com/assets/plugins/flag-icons/flags/1x1/bl.svg]
[mono.iamabdus.com/assets/plugins/flag-icons/flags/4x3/bm.svg]
[mono.iamabdus.com/assets/plugins/flag-icons/flags/1x1/bm.svg]
[mono.iamabdus.com/assets/plugins/flag-icons/flags/4x3/bn.svg]
[mono.iamabdus.com/assets/plugins/flag-icons/flags/1x1/bn.svg]
[mono.iamabdus.com/assets/plugins/flag-icons/flags/4x3/bo.svg]
[mono.iamabdus.com/assets/plugins/flag-icons/flags/1x1/bo.svg]
[mono.iamabdus.com/assets/plugins/flag-icons/flags/4x3/bq.svg]
[mono.iamabdus.com/assets/plugins/flag-icons/flags/1x1/bq.svg]
[mono.iamabdus.com/assets/plugins/flag-icons/flags/4x3/br.svg]
[mono.iamabdus.com/assets/plugins/flag-icons/flags/1x1/br.svg]
[mono.iamabdus.com/assets/plugins/flag-icons/flags/4x3/bs.svg]
[mono.iamabdus.com/assets/plugins/flag-icons/flags/1x1/bs.svg]
[mono.iamabdus.com/assets/plugins/flag-icons/flags/4x3/bt.svg]
[mono.iamabdus.com/assets/plugins/flag-icons/flags/1x1/bt.svg]
[mono.iamabdus.com/assets/plugins/flag-icons/flags/4x3/bv.svg]
[mono.iamabdus.com/assets/plugins/flag-icons/flags/1x1/bv.svg]
[mono.iamabdus.com/assets/plugins/flag-icons/flags/4x3/bw.svg]
[mono.iamabdus.com/assets/plugins/flag-icons/flags/1x1/bw.svg]
[mono.iamabdus.com/assets/plugins/flag-icons/flags/4x3/by.svg]
[mono.iamabdus.com/assets/plugins/flag-icons/flags/1x1/by.svg]
[mono.iamabdus.com/assets/plugins/flag-icons/flags/4x3/bz.svg]
[mono.iamabdus.com/assets/plugins/flag-icons/flags/1x1/bz.svg]
[mono.iamabdus.com/assets/plugins/flag-icons/flags/4x3/ca.svg]
[mono.iamabdus.com/assets/plugins/flag-icons/flags/1x1/ca.svg]
[mono.iamabdus.com/assets/plugins/flag-icons/flags/4x3/cc.svg]
[mono.iamabdus.com/assets/plugins/flag-icons/flags/1x1/cc.svg]
[mono.iamabdus.com/assets/plugins/flag-icons/flags/4x3/cd.svg]
[mono.iamabdus.com/assets/plugins/flag-icons/flags/1x1/cd.svg]
[mono.iamabdus.com/assets/plugins/flag-icons/flags/4x3/cf.svg]
[mono.iamabdus.com/assets/plugins/flag-icons/flags/1x1/cf.svg]
[mono.iamabdus.com/assets/plugins/flag-icons/flags/4x3/cg.svg]
[mono.iamabdus.com/assets/plugins/flag-icons/flags/1x1/cg.svg]
[mono.iamabdus.com/assets/plugins/flag-icons/flags/4x3/ch.svg]
[mono.iamabdus.com/assets/plugins/flag-icons/flags/1x1/ch.svg]
[mono.iamabdus.com/assets/plugins/flag-icons/flags/4x3/ci.svg]
[mono.iamabdus.com/assets/plugins/flag-icons/flags/1x1/ci.svg]
[mono.iamabdus.com/assets/plugins/flag-icons/flags/4x3/ck.svg]
[mono.iamabdus.com/assets/plugins/flag-icons/flags/1x1/ck.svg]
[mono.iamabdus.com/assets/plugins/flag-icons/flags/4x3/cl.svg]
[mono.iamabdus.com/assets/plugins/flag-icons/flags/1x1/cl.svg]
[mono.iamabdus.com/assets/plugins/flag-icons/flags/4x3/cm.svg]
[mono.iamabdus.com/assets/plugins/flag-icons/flags/1x1/cm.svg]
[mono.iamabdus.com/assets/plugins/flag-icons/flags/4x3/cn.svg]
[mono.iamabdus.com/assets/plugins/flag-icons/flags/1x1/cn.svg]
[mono.iamabdus.com/assets/plugins/flag-icons/flags/4x3/co.svg]
[mono.iamabdus.com/assets/plugins/flag-icons/flags/1x1/co.svg]
[mono.iamabdus.com/assets/plugins/flag-icons/flags/4x3/cr.svg]
[mono.iamabdus.com/assets/plugins/flag-icons/flags/1x1/cr.svg]
[mono.iamabdus.com/assets/plugins/flag-icons/flags/4x3/cu.svg]
[mono.iamabdus.com/assets/plugins/flag-icons/flags/1x1/cu.svg]
[mono.iamabdus.com/assets/plugins/flag-icons/flags/4x3/cv.svg]
[mono.iamabdus.com/assets/plugins/flag-icons/flags/1x1/cv.svg]
[mono.iamabdus.com/assets/plugins/flag-icons/flags/4x3/cw.svg]
[mono.iamabdus.com/assets/plugins/flag-icons/flags/1x1/cw.svg]
[mono.iamabdus.com/assets/plugins/flag-icons/flags/4x3/cx.svg]
[mono.iamabdus.com/assets/plugins/flag-icons/flags/1x1/cx.svg]
[mono.iamabdus.com/assets/plugins/flag-icons/flags/4x3/cy.svg]
[mono.iamabdus.com/assets/plugins/flag-icons/flags/1x1/cy.svg]
[mono.iamabdus.com/assets/plugins/flag-icons/flags/4x3/cz.svg]
[mono.iamabdus.com/assets/plugins/flag-icons/flags/1x1/cz.svg]
[mono.iamabdus.com/assets/plugins/flag-icons/flags/4x3/de.svg]
[mono.iamabdus.com/assets/plugins/flag-icons/flags/1x1/de.svg]
[mono.iamabdus.com/assets/plugins/flag-icons/flags/4x3/dj.svg]
[mono.iamabdus.com/assets/plugins/flag-icons/flags/1x1/dj.svg]
[mono.iamabdus.com/assets/plugins/flag-icons/flags/4x3/dk.svg]
[mono.iamabdus.com/assets/plugins/flag-icons/flags/1x1/dk.svg]
[mono.iamabdus.com/assets/plugins/flag-icons/flags/4x3/dm.svg]
[mono.iamabdus.com/assets/plugins/flag-icons/flags/1x1/dm.svg]
[mono.iamabdus.com/assets/plugins/flag-icons/flags/4x3/do.svg]
[mono.iamabdus.com/assets/plugins/flag-icons/flags/1x1/do.svg]
[mono.iamabdus.com/assets/plugins/flag-icons/flags/4x3/dz.svg]
[mono.iamabdus.com/assets/plugins/flag-icons/flags/1x1/dz.svg]
[mono.iamabdus.com/assets/plugins/flag-icons/flags/4x3/ec.svg]
[mono.iamabdus.com/assets/plugins/flag-icons/flags/1x1/ec.svg]
[mono.iamabdus.com/assets/plugins/flag-icons/flags/4x3/ee.svg]
[mono.iamabdus.com/assets/plugins/flag-icons/flags/1x1/ee.svg]
[mono.iamabdus.com/assets/plugins/flag-icons/flags/4x3/eg.svg]
[mono.iamabdus.com/assets/plugins/flag-icons/flags/1x1/eg.svg]
[mono.iamabdus.com/assets/plugins/flag-icons/flags/4x3/eh.svg]
[mono.iamabdus.com/assets/plugins/flag-icons/flags/1x1/eh.svg]
[mono.iamabdus.com/assets/plugins/flag-icons/flags/4x3/er.svg]
[mono.iamabdus.com/assets/plugins/flag-icons/flags/1x1/er.svg]
[mono.iamabdus.com/assets/plugins/flag-icons/flags/4x3/es.svg]
[mono.iamabdus.com/assets/plugins/flag-icons/flags/1x1/es.svg]
[mono.iamabdus.com/assets/plugins/flag-icons/flags/4x3/et.svg]
[mono.iamabdus.com/assets/plugins/flag-icons/flags/1x1/et.svg]
[mono.iamabdus.com/assets/plugins/flag-icons/flags/4x3/fi.svg]
[mono.iamabdus.com/assets/plugins/flag-icons/flags/1x1/fi.svg]
[mono.iamabdus.com/assets/plugins/flag-icons/flags/4x3/fj.svg]
[mono.iamabdus.com/assets/plugins/flag-icons/flags/1x1/fj.svg]
[mono.iamabdus.com/assets/plugins/flag-icons/flags/4x3/fk.svg]
[mono.iamabdus.com/assets/plugins/flag-icons/flags/1x1/fk.svg]
[mono.iamabdus.com/assets/plugins/flag-icons/flags/4x3/fm.svg]
[mono.iamabdus.com/assets/plugins/flag-icons/flags/1x1/fm.svg]
[mono.iamabdus.com/assets/plugins/flag-icons/flags/4x3/fo.svg]
[mono.iamabdus.com/assets/plugins/flag-icons/flags/1x1/fo.svg]
[mono.iamabdus.com/assets/plugins/flag-icons/flags/4x3/fr.svg]
[mono.iamabdus.com/assets/plugins/flag-icons/flags/1x1/fr.svg]
[mono.iamabdus.com/assets/plugins/flag-icons/flags/4x3/ga.svg]
[mono.iamabdus.com/assets/plugins/flag-icons/flags/1x1/ga.svg]
[mono.iamabdus.com/assets/plugins/flag-icons/flags/4x3/gb.svg]
[mono.iamabdus.com/assets/plugins/flag-icons/flags/1x1/gb.svg]
[mono.iamabdus.com/assets/plugins/flag-icons/flags/4x3/gd.svg]
[mono.iamabdus.com/assets/plugins/flag-icons/flags/1x1/gd.svg]
[mono.iamabdus.com/assets/plugins/flag-icons/flags/4x3/ge.svg]
[mono.iamabdus.com/assets/plugins/flag-icons/flags/1x1/ge.svg]
[mono.iamabdus.com/assets/plugins/flag-icons/flags/4x3/gf.svg]
[mono.iamabdus.com/assets/plugins/flag-icons/flags/1x1/gf.svg]
[mono.iamabdus.com/assets/plugins/flag-icons/flags/4x3/gg.svg]
[mono.iamabdus.com/assets/plugins/flag-icons/flags/1x1/gg.svg]
[mono.iamabdus.com/assets/plugins/flag-icons/flags/4x3/gh.svg]
[mono.iamabdus.com/assets/plugins/flag-icons/flags/1x1/gh.svg]
[mono.iamabdus.com/assets/plugins/flag-icons/flags/4x3/gi.svg]
[mono.iamabdus.com/assets/plugins/flag-icons/flags/1x1/gi.svg]
[mono.iamabdus.com/assets/plugins/flag-icons/flags/4x3/gl.svg]
[mono.iamabdus.com/assets/plugins/flag-icons/flags/1x1/gl.svg]
[mono.iamabdus.com/assets/plugins/flag-icons/flags/4x3/gm.svg]
[mono.iamabdus.com/assets/plugins/flag-icons/flags/1x1/gm.svg]
[mono.iamabdus.com/assets/plugins/flag-icons/flags/4x3/gn.svg]
[mono.iamabdus.com/assets/plugins/flag-icons/flags/1x1/gn.svg]
[mono.iamabdus.com/assets/plugins/flag-icons/flags/4x3/gp.svg]
[mono.iamabdus.com/assets/plugins/flag-icons/flags/1x1/gp.svg]
[mono.iamabdus.com/assets/plugins/flag-icons/flags/4x3/gq.svg]
[mono.iamabdus.com/assets/plugins/flag-icons/flags/1x1/gq.svg]
[mono.iamabdus.com/assets/plugins/flag-icons/flags/4x3/gr.svg]
[mono.iamabdus.com/assets/plugins/flag-icons/flags/1x1/gr.svg]
[mono.iamabdus.com/assets/plugins/flag-icons/flags/4x3/gs.svg]
[mono.iamabdus.com/assets/plugins/flag-icons/flags/1x1/gs.svg]
[mono.iamabdus.com/assets/plugins/flag-icons/flags/4x3/gt.svg]
[mono.iamabdus.com/assets/plugins/flag-icons/flags/1x1/gt.svg]
[mono.iamabdus.com/assets/plugins/flag-icons/flags/4x3/gu.svg]
[mono.iamabdus.com/assets/plugins/flag-icons/flags/1x1/gu.svg]
[mono.iamabdus.com/assets/plugins/flag-icons/flags/4x3/gw.svg]
[mono.iamabdus.com/assets/plugins/flag-icons/flags/1x1/gw.svg]
[mono.iamabdus.com/assets/plugins/flag-icons/flags/4x3/gy.svg]
[mono.iamabdus.com/assets/plugins/flag-icons/flags/1x1/gy.svg]
[mono.iamabdus.com/assets/plugins/flag-icons/flags/4x3/hk.svg]
[mono.iamabdus.com/assets/plugins/flag-icons/flags/1x1/hk.svg]
[mono.iamabdus.com/assets/plugins/flag-icons/flags/4x3/hm.svg]
[mono.iamabdus.com/assets/plugins/flag-icons/flags/1x1/hm.svg]
[mono.iamabdus.com/assets/plugins/flag-icons/flags/4x3/hn.svg]
[mono.iamabdus.com/assets/plugins/flag-icons/flags/1x1/hn.svg]
[mono.iamabdus.com/assets/plugins/flag-icons/flags/4x3/hr.svg]
[mono.iamabdus.com/assets/plugins/flag-icons/flags/1x1/hr.svg]
[mono.iamabdus.com/assets/plugins/flag-icons/flags/4x3/ht.svg]
[mono.iamabdus.com/assets/plugins/flag-icons/flags/1x1/ht.svg]
[mono.iamabdus.com/assets/plugins/flag-icons/flags/4x3/hu.svg]
[mono.iamabdus.com/assets/plugins/flag-icons/flags/1x1/hu.svg]
[mono.iamabdus.com/assets/plugins/flag-icons/flags/4x3/id.svg]
[mono.iamabdus.com/assets/plugins/flag-icons/flags/1x1/id.svg]
[mono.iamabdus.com/assets/plugins/flag-icons/flags/4x3/ie.svg]
[mono.iamabdus.com/assets/plugins/flag-icons/flags/1x1/ie.svg]
[mono.iamabdus.com/assets/plugins/flag-icons/flags/4x3/il.svg]
[mono.iamabdus.com/assets/plugins/flag-icons/flags/1x1/il.svg]
[mono.iamabdus.com/assets/plugins/flag-icons/flags/4x3/im.svg]
[mono.iamabdus.com/assets/plugins/flag-icons/flags/1x1/im.svg]
[mono.iamabdus.com/assets/plugins/flag-icons/flags/4x3/in.svg]
[mono.iamabdus.com/assets/plugins/flag-icons/flags/1x1/in.svg]
[mono.iamabdus.com/assets/plugins/flag-icons/flags/4x3/io.svg]
[mono.iamabdus.com/assets/plugins/flag-icons/flags/1x1/io.svg]
[mono.iamabdus.com/assets/plugins/flag-icons/flags/4x3/iq.svg]
[mono.iamabdus.com/assets/plugins/flag-icons/flags/1x1/iq.svg]
[mono.iamabdus.com/assets/plugins/flag-icons/flags/4x3/ir.svg]
[mono.iamabdus.com/assets/plugins/flag-icons/flags/1x1/ir.svg]
[mono.iamabdus.com/assets/plugins/flag-icons/flags/4x3/is.svg]
[mono.iamabdus.com/assets/plugins/flag-icons/flags/1x1/is.svg]
[mono.iamabdus.com/assets/plugins/flag-icons/flags/4x3/it.svg]
[mono.iamabdus.com/assets/plugins/flag-icons/flags/1x1/it.svg]
[mono.iamabdus.com/assets/plugins/flag-icons/flags/4x3/je.svg]
[mono.iamabdus.com/assets/plugins/flag-icons/flags/1x1/je.svg]
[mono.iamabdus.com/assets/plugins/flag-icons/flags/4x3/jm.svg]
[mono.iamabdus.com/assets/plugins/flag-icons/flags/1x1/jm.svg]
[mono.iamabdus.com/assets/plugins/flag-icons/flags/4x3/jo.svg]
[mono.iamabdus.com/assets/plugins/flag-icons/flags/1x1/jo.svg]
[mono.iamabdus.com/assets/plugins/flag-icons/flags/4x3/jp.svg]
[mono.iamabdus.com/assets/plugins/flag-icons/flags/1x1/jp.svg]
[mono.iamabdus.com/assets/plugins/flag-icons/flags/4x3/ke.svg]
[mono.iamabdus.com/assets/plugins/flag-icons/flags/1x1/ke.svg]
[mono.iamabdus.com/assets/plugins/flag-icons/flags/4x3/kg.svg]
[mono.iamabdus.com/assets/plugins/flag-icons/flags/1x1/kg.svg]
[mono.iamabdus.com/assets/plugins/flag-icons/flags/4x3/kh.svg]
[mono.iamabdus.com/assets/plugins/flag-icons/flags/1x1/kh.svg]
[mono.iamabdus.com/assets/plugins/flag-icons/flags/4x3/ki.svg]
[mono.iamabdus.com/assets/plugins/flag-icons/flags/1x1/ki.svg]
[mono.iamabdus.com/assets/plugins/flag-icons/flags/4x3/km.svg]
[mono.iamabdus.com/assets/plugins/flag-icons/flags/1x1/km.svg]
[mono.iamabdus.com/assets/plugins/flag-icons/flags/4x3/kn.svg]
[mono.iamabdus.com/assets/plugins/flag-icons/flags/1x1/kn.svg]
[mono.iamabdus.com/assets/plugins/flag-icons/flags/4x3/kp.svg]
[mono.iamabdus.com/assets/plugins/flag-icons/flags/1x1/kp.svg]
[mono.iamabdus.com/assets/plugins/flag-icons/flags/4x3/kr.svg]
[mono.iamabdus.com/assets/plugins/flag-icons/flags/1x1/kr.svg]
[mono.iamabdus.com/assets/plugins/flag-icons/flags/4x3/kw.svg]
[mono.iamabdus.com/assets/plugins/flag-icons/flags/1x1/kw.svg]
[mono.iamabdus.com/assets/plugins/flag-icons/flags/4x3/ky.svg]
[mono.iamabdus.com/assets/plugins/flag-icons/flags/1x1/ky.svg]
[mono.iamabdus.com/assets/plugins/flag-icons/flags/4x3/kz.svg]
[mono.iamabdus.com/assets/plugins/flag-icons/flags/1x1/kz.svg]
[mono.iamabdus.com/assets/plugins/flag-icons/flags/4x3/la.svg]
[mono.iamabdus.com/assets/plugins/flag-icons/flags/1x1/la.svg]
[mono.iamabdus.com/assets/plugins/flag-icons/flags/4x3/lb.svg]
[mono.iamabdus.com/assets/plugins/flag-icons/flags/1x1/lb.svg]
[mono.iamabdus.com/assets/plugins/flag-icons/flags/4x3/lc.svg]
[mono.iamabdus.com/assets/plugins/flag-icons/flags/1x1/lc.svg]
[mono.iamabdus.com/assets/plugins/flag-icons/flags/4x3/li.svg]
[mono.iamabdus.com/assets/plugins/flag-icons/flags/1x1/li.svg]
[mono.iamabdus.com/assets/plugins/flag-icons/flags/4x3/lk.svg]
[mono.iamabdus.com/assets/plugins/flag-icons/flags/1x1/lk.svg]
[mono.iamabdus.com/assets/plugins/flag-icons/flags/4x3/lr.svg]
[mono.iamabdus.com/assets/plugins/flag-icons/flags/1x1/lr.svg]
[mono.iamabdus.com/assets/plugins/flag-icons/flags/4x3/ls.svg]
[mono.iamabdus.com/assets/plugins/flag-icons/flags/1x1/ls.svg]
[mono.iamabdus.com/assets/plugins/flag-icons/flags/4x3/lt.svg]
[mono.iamabdus.com/assets/plugins/flag-icons/flags/1x1/lt.svg]
[mono.iamabdus.com/assets/plugins/flag-icons/flags/4x3/lu.svg]
[mono.iamabdus.com/assets/plugins/flag-icons/flags/1x1/lu.svg]
[mono.iamabdus.com/assets/plugins/flag-icons/flags/4x3/lv.svg]
[mono.iamabdus.com/assets/plugins/flag-icons/flags/1x1/lv.svg]
[mono.iamabdus.com/assets/plugins/flag-icons/flags/4x3/ly.svg]
[mono.iamabdus.com/assets/plugins/flag-icons/flags/1x1/ly.svg]
[mono.iamabdus.com/assets/plugins/flag-icons/flags/4x3/ma.svg]
[mono.iamabdus.com/assets/plugins/flag-icons/flags/1x1/ma.svg]
[mono.iamabdus.com/assets/plugins/flag-icons/flags/4x3/mc.svg]
[mono.iamabdus.com/assets/plugins/flag-icons/flags/1x1/mc.svg]
[mono.iamabdus.com/assets/plugins/flag-icons/flags/4x3/md.svg]
[mono.iamabdus.com/assets/plugins/flag-icons/flags/1x1/md.svg]
[mono.iamabdus.com/assets/plugins/flag-icons/flags/4x3/me.svg]
[mono.iamabdus.com/assets/plugins/flag-icons/flags/1x1/me.svg]
[mono.iamabdus.com/assets/plugins/flag-icons/flags/4x3/mf.svg]
[mono.iamabdus.com/assets/plugins/flag-icons/flags/1x1/mf.svg]
[mono.iamabdus.com/assets/plugins/flag-icons/flags/4x3/mg.svg]
[mono.iamabdus.com/assets/plugins/flag-icons/flags/1x1/mg.svg]
[mono.iamabdus.com/assets/plugins/flag-icons/flags/4x3/mh.svg]
[mono.iamabdus.com/assets/plugins/flag-icons/flags/1x1/mh.svg]
[mono.iamabdus.com/assets/plugins/flag-icons/flags/4x3/mk.svg]
[mono.iamabdus.com/assets/plugins/flag-icons/flags/1x1/mk.svg]
[mono.iamabdus.com/assets/plugins/flag-icons/flags/4x3/ml.svg]
[mono.iamabdus.com/assets/plugins/flag-icons/flags/1x1/ml.svg]
[mono.iamabdus.com/assets/plugins/flag-icons/flags/4x3/mm.svg]
[mono.iamabdus.com/assets/plugins/flag-icons/flags/1x1/mm.svg]
[mono.iamabdus.com/assets/plugins/flag-icons/flags/4x3/mn.svg]
[mono.iamabdus.com/assets/plugins/flag-icons/flags/1x1/mn.svg]
[mono.iamabdus.com/assets/plugins/flag-icons/flags/4x3/mo.svg]
[mono.iamabdus.com/assets/plugins/flag-icons/flags/1x1/mo.svg]
[mono.iamabdus.com/assets/plugins/flag-icons/flags/4x3/mp.svg]
[mono.iamabdus.com/assets/plugins/flag-icons/flags/1x1/mp.svg]
[mono.iamabdus.com/assets/plugins/flag-icons/flags/4x3/mq.svg]
[mono.iamabdus.com/assets/plugins/flag-icons/flags/1x1/mq.svg]
[mono.iamabdus.com/assets/plugins/flag-icons/flags/4x3/mr.svg]
[mono.iamabdus.com/assets/plugins/flag-icons/flags/1x1/mr.svg]
[mono.iamabdus.com/assets/plugins/flag-icons/flags/4x3/ms.svg]
[mono.iamabdus.com/assets/plugins/flag-icons/flags/1x1/ms.svg]
[mono.iamabdus.com/assets/plugins/flag-icons/flags/4x3/mt.svg]
[mono.iamabdus.com/assets/plugins/flag-icons/flags/1x1/mt.svg]
[mono.iamabdus.com/assets/plugins/flag-icons/flags/4x3/mu.svg]
[mono.iamabdus.com/assets/plugins/flag-icons/flags/1x1/mu.svg]
[mono.iamabdus.com/assets/plugins/flag-icons/flags/4x3/mv.svg]
[mono.iamabdus.com/assets/plugins/flag-icons/flags/1x1/mv.svg]
[mono.iamabdus.com/assets/plugins/flag-icons/flags/4x3/mw.svg]
[mono.iamabdus.com/assets/plugins/flag-icons/flags/1x1/mw.svg]
[mono.iamabdus.com/assets/plugins/flag-icons/flags/4x3/mx.svg]
[mono.iamabdus.com/assets/plugins/flag-icons/flags/1x1/mx.svg]
[mono.iamabdus.com/assets/plugins/flag-icons/flags/4x3/my.svg]
[mono.iamabdus.com/assets/plugins/flag-icons/flags/1x1/my.svg]
[mono.iamabdus.com/assets/plugins/flag-icons/flags/4x3/mz.svg]
[mono.iamabdus.com/assets/plugins/flag-icons/flags/1x1/mz.svg]
[mono.iamabdus.com/assets/plugins/flag-icons/flags/4x3/na.svg]
[mono.iamabdus.com/assets/plugins/flag-icons/flags/1x1/na.svg]
[mono.iamabdus.com/assets/plugins/flag-icons/flags/4x3/nc.svg]
[mono.iamabdus.com/assets/plugins/flag-icons/flags/1x1/nc.svg]
[mono.iamabdus.com/assets/plugins/flag-icons/flags/4x3/ne.svg]
[mono.iamabdus.com/assets/plugins/flag-icons/flags/1x1/ne.svg]
[mono.iamabdus.com/assets/plugins/flag-icons/flags/4x3/nf.svg]
[mono.iamabdus.com/assets/plugins/flag-icons/flags/1x1/nf.svg]
[mono.iamabdus.com/assets/plugins/flag-icons/flags/4x3/ng.svg]
[mono.iamabdus.com/assets/plugins/flag-icons/flags/1x1/ng.svg]
[mono.iamabdus.com/assets/plugins/flag-icons/flags/4x3/ni.svg]
[mono.iamabdus.com/assets/plugins/flag-icons/flags/1x1/ni.svg]
[mono.iamabdus.com/assets/plugins/flag-icons/flags/4x3/nl.svg]
[mono.iamabdus.com/assets/plugins/flag-icons/flags/1x1/nl.svg]
[mono.iamabdus.com/assets/plugins/flag-icons/flags/4x3/no.svg]
[mono.iamabdus.com/assets/plugins/flag-icons/flags/1x1/no.svg]
[mono.iamabdus.com/assets/plugins/flag-icons/flags/4x3/np.svg]
[mono.iamabdus.com/assets/plugins/flag-icons/flags/1x1/np.svg]
[mono.iamabdus.com/assets/plugins/flag-icons/flags/4x3/nr.svg]
[mono.iamabdus.com/assets/plugins/flag-icons/flags/1x1/nr.svg]
[mono.iamabdus.com/assets/plugins/flag-icons/flags/4x3/nu.svg]
[mono.iamabdus.com/assets/plugins/flag-icons/flags/1x1/nu.svg]
[mono.iamabdus.com/assets/plugins/flag-icons/flags/4x3/nz.svg]
[mono.iamabdus.com/assets/plugins/flag-icons/flags/1x1/nz.svg]
[mono.iamabdus.com/assets/plugins/flag-icons/flags/4x3/om.svg]
[mono.iamabdus.com/assets/plugins/flag-icons/flags/1x1/om.svg]
[mono.iamabdus.com/assets/plugins/flag-icons/flags/4x3/pa.svg]
[mono.iamabdus.com/assets/plugins/flag-icons/flags/1x1/pa.svg]
[mono.iamabdus.com/assets/plugins/flag-icons/flags/4x3/pe.svg]
[mono.iamabdus.com/assets/plugins/flag-icons/flags/1x1/pe.svg]
[mono.iamabdus.com/assets/plugins/flag-icons/flags/4x3/pf.svg]
[mono.iamabdus.com/assets/plugins/flag-icons/flags/1x1/pf.svg]
[mono.iamabdus.com/assets/plugins/flag-icons/flags/4x3/pg.svg]
[mono.iamabdus.com/assets/plugins/flag-icons/flags/1x1/pg.svg]
[mono.iamabdus.com/assets/plugins/flag-icons/flags/4x3/ph.svg]
[mono.iamabdus.com/assets/plugins/flag-icons/flags/1x1/ph.svg]
[mono.iamabdus.com/assets/plugins/flag-icons/flags/4x3/pk.svg]
[mono.iamabdus.com/assets/plugins/flag-icons/flags/1x1/pk.svg]
[mono.iamabdus.com/assets/plugins/flag-icons/flags/4x3/pl.svg]
[mono.iamabdus.com/assets/plugins/flag-icons/flags/1x1/pl.svg]
[mono.iamabdus.com/assets/plugins/flag-icons/flags/4x3/pm.svg]
[mono.iamabdus.com/assets/plugins/flag-icons/flags/1x1/pm.svg]
[mono.iamabdus.com/assets/plugins/flag-icons/flags/4x3/pn.svg]
[mono.iamabdus.com/assets/plugins/flag-icons/flags/1x1/pn.svg]
[mono.iamabdus.com/assets/plugins/flag-icons/flags/4x3/pr.svg]
[mono.iamabdus.com/assets/plugins/flag-icons/flags/1x1/pr.svg]
[mono.iamabdus.com/assets/plugins/flag-icons/flags/4x3/ps.svg]
[mono.iamabdus.com/assets/plugins/flag-icons/flags/1x1/ps.svg]
[mono.iamabdus.com/assets/plugins/flag-icons/flags/4x3/pt.svg]
[mono.iamabdus.com/assets/plugins/flag-icons/flags/1x1/pt.svg]
[mono.iamabdus.com/assets/plugins/flag-icons/flags/4x3/pw.svg]
[mono.iamabdus.com/assets/plugins/flag-icons/flags/1x1/pw.svg]
[mono.iamabdus.com/assets/plugins/flag-icons/flags/4x3/py.svg]
[mono.iamabdus.com/assets/plugins/flag-icons/flags/1x1/py.svg]
[mono.iamabdus.com/assets/plugins/flag-icons/flags/4x3/qa.svg]
[mono.iamabdus.com/assets/plugins/flag-icons/flags/1x1/qa.svg]
[mono.iamabdus.com/assets/plugins/flag-icons/flags/4x3/re.svg]
[mono.iamabdus.com/assets/plugins/flag-icons/flags/1x1/re.svg]
[mono.iamabdus.com/assets/plugins/flag-icons/flags/4x3/ro.svg]
[mono.iamabdus.com/assets/plugins/flag-icons/flags/1x1/ro.svg]
[mono.iamabdus.com/assets/plugins/flag-icons/flags/4x3/rs.svg]
[mono.iamabdus.com/assets/plugins/flag-icons/flags/1x1/rs.svg]
[mono.iamabdus.com/assets/plugins/flag-icons/flags/4x3/ru.svg]
[mono.iamabdus.com/assets/plugins/flag-icons/flags/1x1/ru.svg]
[mono.iamabdus.com/assets/plugins/flag-icons/flags/4x3/rw.svg]
[mono.iamabdus.com/assets/plugins/flag-icons/flags/1x1/rw.svg]
[mono.iamabdus.com/assets/plugins/flag-icons/flags/4x3/sa.svg]
[mono.iamabdus.com/assets/plugins/flag-icons/flags/1x1/sa.svg]
[mono.iamabdus.com/assets/plugins/flag-icons/flags/4x3/sb.svg]
[mono.iamabdus.com/assets/plugins/flag-icons/flags/1x1/sb.svg]
[mono.iamabdus.com/assets/plugins/flag-icons/flags/4x3/sc.svg]
[mono.iamabdus.com/assets/plugins/flag-icons/flags/1x1/sc.svg]
[mono.iamabdus.com/assets/plugins/flag-icons/flags/4x3/sd.svg]
[mono.iamabdus.com/assets/plugins/flag-icons/flags/1x1/sd.svg]
[mono.iamabdus.com/assets/plugins/flag-icons/flags/4x3/se.svg]
[mono.iamabdus.com/assets/plugins/flag-icons/flags/1x1/se.svg]
[mono.iamabdus.com/assets/plugins/flag-icons/flags/4x3/sg.svg]
[mono.iamabdus.com/assets/plugins/flag-icons/flags/1x1/sg.svg]
[mono.iamabdus.com/assets/plugins/flag-icons/flags/4x3/sh.svg]
[mono.iamabdus.com/assets/plugins/flag-icons/flags/1x1/sh.svg]
[mono.iamabdus.com/assets/plugins/flag-icons/flags/4x3/si.svg]
[mono.iamabdus.com/assets/plugins/flag-icons/flags/1x1/si.svg]
[mono.iamabdus.com/assets/plugins/flag-icons/flags/4x3/sj.svg]
[mono.iamabdus.com/assets/plugins/flag-icons/flags/1x1/sj.svg]
[mono.iamabdus.com/assets/plugins/flag-icons/flags/4x3/sk.svg]
[mono.iamabdus.com/assets/plugins/flag-icons/flags/1x1/sk.svg]
[mono.iamabdus.com/assets/plugins/flag-icons/flags/4x3/sl.svg]
[mono.iamabdus.com/assets/plugins/flag-icons/flags/1x1/sl.svg]
[mono.iamabdus.com/assets/plugins/flag-icons/flags/4x3/sm.svg]
[mono.iamabdus.com/assets/plugins/flag-icons/flags/1x1/sm.svg]
[mono.iamabdus.com/assets/plugins/flag-icons/flags/4x3/sn.svg]
[mono.iamabdus.com/assets/plugins/flag-icons/flags/1x1/sn.svg]
[mono.iamabdus.com/assets/plugins/flag-icons/flags/4x3/so.svg]
[mono.iamabdus.com/assets/plugins/flag-icons/flags/1x1/so.svg]
[mono.iamabdus.com/assets/plugins/flag-icons/flags/4x3/sr.svg]
[mono.iamabdus.com/assets/plugins/flag-icons/flags/1x1/sr.svg]
[mono.iamabdus.com/assets/plugins/flag-icons/flags/4x3/ss.svg]
[mono.iamabdus.com/assets/plugins/flag-icons/flags/1x1/ss.svg]
[mono.iamabdus.com/assets/plugins/flag-icons/flags/4x3/st.svg]
[mono.iamabdus.com/assets/plugins/flag-icons/flags/1x1/st.svg]
[mono.iamabdus.com/assets/plugins/flag-icons/flags/4x3/sv.svg]
[mono.iamabdus.com/assets/plugins/flag-icons/flags/1x1/sv.svg]
[mono.iamabdus.com/assets/plugins/flag-icons/flags/4x3/sx.svg]
[mono.iamabdus.com/assets/plugins/flag-icons/flags/1x1/sx.svg]
[mono.iamabdus.com/assets/plugins/flag-icons/flags/4x3/sy.svg]
[mono.iamabdus.com/assets/plugins/flag-icons/flags/1x1/sy.svg]
[mono.iamabdus.com/assets/plugins/flag-icons/flags/4x3/sz.svg]
[mono.iamabdus.com/assets/plugins/flag-icons/flags/1x1/sz.svg]
[mono.iamabdus.com/assets/plugins/flag-icons/flags/4x3/tc.svg]
[mono.iamabdus.com/assets/plugins/flag-icons/flags/1x1/tc.svg]
[mono.iamabdus.com/assets/plugins/flag-icons/flags/4x3/td.svg]
[mono.iamabdus.com/assets/plugins/flag-icons/flags/1x1/td.svg]
[mono.iamabdus.com/assets/plugins/flag-icons/flags/4x3/tf.svg]
[mono.iamabdus.com/assets/plugins/flag-icons/flags/1x1/tf.svg]
[mono.iamabdus.com/assets/plugins/flag-icons/flags/4x3/tg.svg]
[mono.iamabdus.com/assets/plugins/flag-icons/flags/1x1/tg.svg]
[mono.iamabdus.com/assets/plugins/flag-icons/flags/4x3/th.svg]
[mono.iamabdus.com/assets/plugins/flag-icons/flags/1x1/th.svg]
[mono.iamabdus.com/assets/plugins/flag-icons/flags/4x3/tj.svg]
[mono.iamabdus.com/assets/plugins/flag-icons/flags/1x1/tj.svg]
[mono.iamabdus.com/assets/plugins/flag-icons/flags/4x3/tk.svg]
[mono.iamabdus.com/assets/plugins/flag-icons/flags/1x1/tk.svg]
[mono.iamabdus.com/assets/plugins/flag-icons/flags/4x3/tl.svg]
[mono.iamabdus.com/assets/plugins/flag-icons/flags/1x1/tl.svg]
[mono.iamabdus.com/assets/plugins/flag-icons/flags/4x3/tm.svg]
[mono.iamabdus.com/assets/plugins/flag-icons/flags/1x1/tm.svg]
[mono.iamabdus.com/assets/plugins/flag-icons/flags/4x3/tn.svg]
[mono.iamabdus.com/assets/plugins/flag-icons/flags/1x1/tn.svg]
[mono.iamabdus.com/assets/plugins/flag-icons/flags/4x3/to.svg]
[mono.iamabdus.com/assets/plugins/flag-icons/flags/1x1/to.svg]
[mono.iamabdus.com/assets/plugins/flag-icons/flags/4x3/tr.svg]
[mono.iamabdus.com/assets/plugins/flag-icons/flags/1x1/tr.svg]
[mono.iamabdus.com/assets/plugins/flag-icons/flags/4x3/tt.svg]
[mono.iamabdus.com/assets/plugins/flag-icons/flags/1x1/tt.svg]
[mono.iamabdus.com/assets/plugins/flag-icons/flags/4x3/tv.svg]
[mono.iamabdus.com/assets/plugins/flag-icons/flags/1x1/tv.svg]
[mono.iamabdus.com/assets/plugins/flag-icons/flags/4x3/tw.svg]
[mono.iamabdus.com/assets/plugins/flag-icons/flags/1x1/tw.svg]
[mono.iamabdus.com/assets/plugins/flag-icons/flags/4x3/tz.svg]
[mono.iamabdus.com/assets/plugins/flag-icons/flags/1x1/tz.svg]
[mono.iamabdus.com/assets/plugins/flag-icons/flags/4x3/ua.svg]
[mono.iamabdus.com/assets/plugins/flag-icons/flags/1x1/ua.svg]
[mono.iamabdus.com/assets/plugins/flag-icons/flags/4x3/ug.svg]
[mono.iamabdus.com/assets/plugins/flag-icons/flags/1x1/ug.svg]
[mono.iamabdus.com/assets/plugins/flag-icons/flags/4x3/um.svg]
[mono.iamabdus.com/assets/plugins/flag-icons/flags/1x1/um.svg]
[mono.iamabdus.com/assets/plugins/flag-icons/flags/4x3/us.svg]
[mono.iamabdus.com/assets/plugins/flag-icons/flags/1x1/us.svg]
[mono.iamabdus.com/assets/plugins/flag-icons/flags/4x3/uy.svg]
[mono.iamabdus.com/assets/plugins/flag-icons/flags/1x1/uy.svg]
[mono.iamabdus.com/assets/plugins/flag-icons/flags/4x3/uz.svg]
[mono.iamabdus.com/assets/plugins/flag-icons/flags/1x1/uz.svg]
[mono.iamabdus.com/assets/plugins/flag-icons/flags/4x3/va.svg]
[mono.iamabdus.com/assets/plugins/flag-icons/flags/1x1/va.svg]
[mono.iamabdus.com/assets/plugins/flag-icons/flags/4x3/vc.svg]
[mono.iamabdus.com/assets/plugins/flag-icons/flags/1x1/vc.svg]
[mono.iamabdus.com/assets/plugins/flag-icons/flags/4x3/ve.svg]
[mono.iamabdus.com/assets/plugins/flag-icons/flags/1x1/ve.svg]
[mono.iamabdus.com/assets/plugins/flag-icons/flags/4x3/vg.svg]
[mono.iamabdus.com/assets/plugins/flag-icons/flags/1x1/vg.svg]
[mono.iamabdus.com/assets/plugins/flag-icons/flags/4x3/vi.svg]
[mono.iamabdus.com/assets/plugins/flag-icons/flags/1x1/vi.svg]
[mono.iamabdus.com/assets/plugins/flag-icons/flags/4x3/vn.svg]
[mono.iamabdus.com/assets/plugins/flag-icons/flags/1x1/vn.svg]
[mono.iamabdus.com/assets/plugins/flag-icons/flags/4x3/vu.svg]
[mono.iamabdus.com/assets/plugins/flag-icons/flags/1x1/vu.svg]
[mono.iamabdus.com/assets/plugins/flag-icons/flags/4x3/wf.svg]
[mono.iamabdus.com/assets/plugins/flag-icons/flags/1x1/wf.svg]
[mono.iamabdus.com/assets/plugins/flag-icons/flags/4x3/ws.svg]
[mono.iamabdus.com/assets/plugins/flag-icons/flags/1x1/ws.svg]
[mono.iamabdus.com/assets/plugins/flag-icons/flags/4x3/ye.svg]
[mono.iamabdus.com/assets/plugins/flag-icons/flags/1x1/ye.svg]
[mono.iamabdus.com/assets/plugins/flag-icons/flags/4x3/yt.svg]
[mono.iamabdus.com/assets/plugins/flag-icons/flags/1x1/yt.svg]
[mono.iamabdus.com/assets/plugins/flag-icons/flags/4x3/za.svg]
[mono.iamabdus.com/assets/plugins/flag-icons/flags/1x1/za.svg]
[mono.iamabdus.com/assets/plugins/flag-icons/flags/4x3/zm.svg]
[mono.iamabdus.com/assets/plugins/flag-icons/flags/1x1/zm.svg]
[mono.iamabdus.com/assets/plugins/flag-icons/flags/4x3/zw.svg]
[mono.iamabdus.com/assets/plugins/flag-icons/flags/1x1/zw.svg]
[mono.iamabdus.com/assets/plugins/flag-icons/flags/4x3/es-ct.svg]
[mono.iamabdus.com/assets/plugins/flag-icons/flags/1x1/es-ct.svg]
[mono.iamabdus.com/assets/plugins/flag-icons/flags/4x3/eu.svg]
[mono.iamabdus.com/assets/plugins/flag-icons/flags/1x1/eu.svg]
[mono.iamabdus.com/assets/plugins/flag-icons/flags/4x3/gb-eng.svg]
[mono.iamabdus.com/assets/plugins/flag-icons/flags/1x1/gb-eng.svg]
[mono.iamabdus.com/assets/plugins/flag-icons/flags/4x3/gb-nir.svg]
[mono.iamabdus.com/assets/plugins/flag-icons/flags/1x1/gb-nir.svg]
[mono.iamabdus.com/assets/plugins/flag-icons/flags/4x3/gb-sct.svg]
[mono.iamabdus.com/assets/plugins/flag-icons/flags/1x1/gb-sct.svg]
[mono.iamabdus.com/assets/plugins/flag-icons/flags/4x3/gb-wls.svg]
[mono.iamabdus.com/assets/plugins/flag-icons/flags/1x1/gb-wls.svg]
[mono.iamabdus.com/assets/plugins/flag-icons/flags/4x3/un.svg]
[mono.iamabdus.com/assets/plugins/flag-icons/flags/1x1/un.svg]
[mono.iamabdus.com/assets/plugins/material/fonts/materialdesignicons-webfont1382.woff2]
[mono.iamabdus.com/assets/plugins/material/fonts/materialdesignicons-webfont1382.ttf]
[mono.iamabdus.com/assets/img/elements/slide2.jpg]
